<?xml version="1.0" encoding="UTF-8"?>
<testng-results ignored="0" total="1" passed="1" failed="0" skipped="0">
  <reporter-output>
  </reporter-output>
  <suite started-at="2022-04-18T13:10:05 IST" name="Surefire suite" finished-at="2022-04-18T13:10:05 IST" duration-ms="8">
    <groups>
    </groups>
    <test started-at="2022-04-18T13:10:05 IST" name="Surefire test" finished-at="2022-04-18T13:10:05 IST" duration-ms="8">
      <class name="inetBankingV2.inetBankingV2.AppTest">
        <test-method signature="testApp()[pri:0, instance:testApp(inetBankingV2.inetBankingV2.AppTest)]" started-at="2022-04-18T13:10:05 IST" name="testApp" finished-at="2022-04-18T13:10:05 IST" duration-ms="1" status="PASS">
          <reporter-output>
          </reporter-output>
        </test-method> <!-- testApp -->
      </class> <!-- inetBankingV2.inetBankingV2.AppTest -->
    </test> <!-- Surefire test -->
  </suite> <!-- Surefire suite -->
</testng-results>
