<?xml version="1.0" encoding="UTF-8"?>
<testsuite xmlns:xsi="http://www.w3.org/2001/XMLSchema-instance" xsi:noNamespaceSchemaLocation="https://maven.apache.org/surefire/maven-surefire-plugin/xsd/surefire-test-report.xsd" name="TestSuite" time="0.757" tests="4" errors="0" skipped="2" failures="1">
  <properties>
[...]
</properties>
  <testcase name="setup" classname="com.inetbanking.testCases.TC001_LoginTest" time="0.425">
    <failure message="&#10;Parameter &apos;browser&apos; is required by BeforeClass on method setup but has not been marked @Optional or defined&#10;" type="org.testng.TestNGException">org.testng.TestNGException: 

Parameter 'browser' is required by BeforeClass on method setup but has not been marked @Optional or defined

</failure>
  </testcase>
  <testcase name="loginTest" classname="com.inetbanking.testCases.TC001_LoginTest" time="0">
    <skipped message="&#10;Parameter &apos;browser&apos; is required by BeforeClass on method setup but has not been marked @Optional or defined&#10;"/>
  </testcase>
  <testcase name="tearDown" classname="com.inetbanking.testCases.TC001_LoginTest" time="0">
    <skipped/>
  </testcase>
  <testcase name="testApp on testApp(inetBankingV2.inetBankingV2.AppTest)" classname="inetBankingV2.inetBankingV2.AppTest" time="0.238"/>
</testsuite>